<?xml version="1.0" encoding="UTF-8"?>
<testsuite name="com.telran.selenium.LoginToWiki" tests="1" skipped="0" failures="0" errors="0" timestamp="2019-09-18T19:40:48" hostname="WINDOWS-GUHJOJ3" time="4.881">
  <properties/>
  <testcase name="loginToWiki" classname="com.telran.selenium.LoginToWiki" time="4.881"/>
  <system-out><![CDATA[]]></system-out>
  <system-err><![CDATA[Starting ChromeDriver 76.0.3809.126 (d80a294506b4c9d18015e755cee48f953ddc3f2f-refs/branch-heads/3809@{#1024}) on port 8376
Only local connections are allowed.
Please protect ports used by ChromeDriver and related test frameworks to prevent access by malicious code.
[1568835643.852][WARNING]: Timed out connecting to Chrome, retrying...
Sep 18, 2019 10:40:45 PM org.openqa.selenium.remote.ProtocolHandshake createSession
INFO: Detected dialect: W3C
[1568835648.127][WARNING]: Timed out connecting to Chrome, retrying...
]]></system-err>
</testsuite>
